<?xml version="1.0" encoding="UTF-8"?>
<!-- Generated by org.testng.reporters.JUnitXMLReporter -->
<testsuite ignored="0" hostname="LAPTOP-HO2AT0S9" failures="0" tests="4" name="Post_Test_Package" time="6.723" errors="0" timestamp="2025-04-03T16:25:02 IST">
  <testcase classname="test_class_package.post_TC1" name="create" time="3.265"/>
  <testcase classname="test_class_package.post_TC2" name="create" time="1.145"/>
  <testcase classname="test_class_package.post_TC3" name="create" time="1.11"/>
  <testcase classname="test_class_package.post_TC4" name="create" time="1.114"/>
</testsuite> <!-- Post_Test_Package -->
