<?xml version="1.0" encoding="UTF-8"?>
<testng-results ignored="0" total="4" passed="4" failed="0" skipped="0">
  <reporter-output>
  </reporter-output>
  <suite started-at="2025-04-03T16:24:55 IST" name="Post_API_Suite" finished-at="2025-04-03T16:25:02 IST" duration-ms="6723">
    <groups>
    </groups>
    <test started-at="2025-04-03T16:24:55 IST" name="Post_Test_Package" finished-at="2025-04-03T16:25:02 IST" duration-ms="6723">
      <class name="test_class_package.post_TC1">
        <test-method signature="create()[pri:0, instance:test_class_package.post_TC1@51549490]" started-at="2025-04-03T16:24:55 IST" name="create" finished-at="2025-04-03T16:24:59 IST" duration-ms="3265" status="PASS">
          <reporter-output>
          </reporter-output>
        </test-method> <!-- create -->
      </class> <!-- test_class_package.post_TC1 -->
      <class name="test_class_package.post_TC4">
        <test-method signature="create()[pri:0, instance:test_class_package.post_TC4@46b61c56]" started-at="2025-04-03T16:25:01 IST" name="create" finished-at="2025-04-03T16:25:02 IST" duration-ms="1114" status="PASS">
          <reporter-output>
          </reporter-output>
        </test-method> <!-- create -->
      </class> <!-- test_class_package.post_TC4 -->
      <class name="test_class_package.post_TC3">
        <test-method signature="create()[pri:0, instance:test_class_package.post_TC3@481ba2cf]" started-at="2025-04-03T16:25:00 IST" name="create" finished-at="2025-04-03T16:25:01 IST" duration-ms="1110" status="PASS">
          <reporter-output>
          </reporter-output>
        </test-method> <!-- create -->
      </class> <!-- test_class_package.post_TC3 -->
      <class name="test_class_package.post_TC2">
        <test-method signature="create()[pri:0, instance:test_class_package.post_TC2@36060e]" started-at="2025-04-03T16:24:59 IST" name="create" finished-at="2025-04-03T16:25:00 IST" duration-ms="1145" status="PASS">
          <reporter-output>
          </reporter-output>
        </test-method> <!-- create -->
      </class> <!-- test_class_package.post_TC2 -->
    </test> <!-- Post_Test_Package -->
  </suite> <!-- Post_API_Suite -->
</testng-results>
